<?xml version="1.0" encoding="UTF-8"?>
<!-- Generated by org.testng.reporters.JUnitReportReporter -->
<testsuite hostname="DESKTOP-ALU41OF" failures="0" tests="5" name="Test_Cases" time="60.199" errors="0" timestamp="2023-05-21T10:38:13 EET" skipped="0">
  <testcase classname="Test_Cases" name="Login" time="4.460"/>
  <system-out/>
  <testcase classname="Test_Cases" name="Add_Five_Items_ToCart" time="11.315"/>
  <system-out/>
  <testcase classname="Test_Cases" name="Checkout_Process" time="36.308"/>
  <system-out/>
  <testcase classname="Test_Cases" name="Placeorder" time="2.615"/>
  <system-out/>
  <testcase classname="Test_Cases" name="Total_Of_Invoice_Number" time="5.501"/>
  <system-out/>
</testsuite> <!-- Test_Cases -->
