<?xml version="1.0" encoding="UTF-8"?>
<!-- Generated by org.testng.reporters.JUnitReportReporter -->
<testsuite hostname="DESKTOP-ALU41OF" failures="0" tests="3" name="MyTestCases" time="33.248" errors="0" timestamp="2023-06-05T15:06:48 EET" skipped="0">
  <testcase classname="MyTestCases" name="Success_Signup" time="12.204"/>
  <system-out/>
  <testcase classname="MyTestCases" name="Login" time="8.046"/>
  <system-out/>
  <testcase classname="MyTestCases" name="Add_Items" time="12.998"/>
  <system-out/>
</testsuite> <!-- MyTestCases -->
