<?xml version="1.0" encoding="UTF-8"?>
<!-- Generated by org.testng.reporters.JUnitReportReporter -->
<testsuite hostname="DESKTOP-ALU41OF" failures="0" tests="4" name="MyTestCases" time="46.305" errors="0" timestamp="2023-06-05T16:28:45 EET" skipped="0">
  <testcase classname="MyTestCases" name="Success_Signup" time="12.557"/>
  <system-out/>
  <testcase classname="MyTestCases" name="Login" time="8.602"/>
  <system-out/>
  <testcase classname="MyTestCases" name="Add_Items" time="14.847"/>
  <system-out/>
  <testcase classname="MyTestCases" name="Checkout_Process" time="10.299"/>
  <system-out/>
</testsuite> <!-- MyTestCases -->
