<?xml version="1.0" encoding="UTF-8"?>
<!-- Generated by org.testng.reporters.JUnitReportReporter -->
<testsuite hostname="DESKTOP-ALU41OF" failures="0" tests="1" name="SignUp" time="7.119" errors="0" timestamp="2023-05-21T10:36:56 EET" skipped="0">
  <testcase classname="SignUp" name="Success_Signup_Message" time="7.119"/>
  <system-out/>
</testsuite> <!-- SignUp -->
