<?xml version="1.0" encoding="UTF-8"?>
<!-- Generated by org.testng.reporters.JUnitReportReporter -->
<testsuite hostname="DESKTOP-ALU41OF" failures="0" tests="2" name="Reorder_Five_Times" time="93.365" errors="0" timestamp="2023-05-21T11:30:50 EET" skipped="0">
  <testcase classname="Reorder_Five_Times" name="Reorder_five_Times" time="92.917"/>
  <system-out/>
  <testcase classname="Reorder_Five_Times" name="Check_The_Last_five_OrderPrice" time="0.448"/>
  <system-out/>
</testsuite> <!-- Reorder_Five_Times -->
